2025-02-28 16:55:18 - INFO - Load task config: {
    "Task": {
        "TaskA": {
            "id": "TaskA",
            "name": "Task A",
            "category": "category_a",
            "description": "Task A",
            "version": "1.0.0",
            "command": "category_a/task_a.py",
            "args": [
                "11",
                "12"
            ]
        }
    },
    "Profile": {
        "profile_01a": {
            "profile": "profile_01a",
            "description": "Sample plan 01a",
            "execution-mode": "sequential",
            "plugins": [
                "TaskA"
            ]
        }
    }
}
2025-02-28 16:55:18 - INFO - --- [Profile]: profile_01a | [Execution Mode]: sequential
2025-02-28 16:55:18 - INFO - ----------- [Execute Task]: TaskA -----------
2025-02-28 16:55:18 - INFO - --- [Task Class]: <class 'task.plugins.category_a.task_a.TaskA'>
2025-02-28 16:55:18 - INFO - Task A is running. args: ['11', '12']
2025-02-28 16:55:18 - INFO - [Result Message]: {
    "status": "SUCCESS",
    "message": "Task A is done",
    "data": {
        "return_value": "11 12 "
    }
}
2025-02-28 16:55:18 - INFO - Result Message:  {
    "status": "SUCCESS",
    "tasks": [
        {
            "id": "TaskA",
            "name": "Task A",
            "category": "category_a",
            "description": "Task A",
            "version": "1.0.0",
            "command": "category_a/task_a.py",
            "args": [
                "11",
                "12"
            ],
            "result_message": {
                "status": "SUCCESS",
                "message": "Task A is done",
                "data": {
                    "return_value": "11 12 "
                }
            }
        }
    ]
}
